{
  "id": "ch_C06FA6A23_2019-04-15_1555366584.099500_thread",
  "type": "channel",
  "channel_name": "discuss-engineering",
  "conversation_type": "thread",
  "participants": [
    "shaunak",
    "Aaron Vontell"
  ],
  "messages": [
    {
      "sender": "shaunak",
      "user_id": "UCY6SA014",
      "message": "`make run-regression-test-local`",
      "time": "15:16",
      "timestamp": "1555366584.099500",
      "is_reply": false
    },
    {
      "sender": "Aaron Vontell",
      "user_id": "UCWNLU6CB",
      "message": "Just pulled and ran, everything looks good on my machine",
      "time": "15:25",
      "timestamp": "1555367154.099800",
      "is_reply": true
    },
    {
      "sender": "Aaron Vontell",
      "user_id": "UCWNLU6CB",
      "message": "Can I see the error you are getting?",
      "time": "15:27",
      "timestamp": "1555367245.100200",
      "is_reply": true
    },
    {
      "sender": "Aaron Vontell",
      "user_id": "UCWNLU6CB",
      "message": "There is an error in the api-server-apps regression test, I think someone forgot to include a dependency",
      "time": "15:30",
      "timestamp": "1555367418.100400",
      "is_reply": true
    },
    {
      "sender": "shaunak",
      "user_id": "UCY6SA014",
      "message": "yes, let me quickly get the error",
      "time": "15:31",
      "timestamp": "1555367481.100600",
      "is_reply": true
    },
    {
      "sender": "shaunak",
      "user_id": "UCY6SA014",
      "message": "```\n======================================================================\nFAIL: test_flow_confidence_disabled (apps_server.test_confidence.FlowWithConfidenceEnabled)\n----------------------------------------------------------------------\nTraceback (most recent call last):\n  File \"/Users/shaunak/instabase-repo/instabase/webserver/apps-server/build/test/py/instabase_regression_tests/apps_server/test_confidence.py\", line 176, in test_flow_confidence_disabled\n    setup_and_run_test(self, test)\n  File \"instabase_test/webserver/server_test_util.py\", line 126, in setup_and_run_test\n    return test_with_mocks()\n  File \"instabase_test/webserver/server_test_util.py\", line 121, in test_with_mocks\n    ret = f()\n  File \"/Users/shaunak/instabase-repo/instabase/webserver/apps-server/build/test/py/instabase_regression_tests/apps_server/test_confidence.py\", line 164, in test\n    self.assertIsNone(err)\nAssertionError: u'job 7cf2e7d2-08e2-479a-9ad9-15eff146c298 timed out after 20 seconds' is not None\n\n======================================================================\nFAIL: test_flow_confidence_disabled (apps_server.test_confidence.FlowWithConfidenceEnabledNoCoordinates)\n----------------------------------------------------------------------\nTraceback (most recent call last):\n  File \"/Users/shaunak/instabase-repo/instabase/webserver/apps-server/build/test/py/instabase_regression_tests/apps_server/test_confidence.py\", line 259, in test_flow_confidence_disabled\n    setup_and_run_test(self, test)\n  File \"instabase_test/webserver/server_test_util.py\", line 126, in setup_and_run_test\n    return test_with_mocks()\n  File \"instabase_test/webserver/server_test_util.py\", line 121, in test_with_mocks\n    ret = f()\n  File \"/Users/shaunak/instabase-repo/instabase/webserver/apps-server/build/test/py/instabase_regression_tests/apps_server/test_confidence.py\", line 233, in test\n    self.assertIsNone(err)\nAssertionError: u'job 02539191-00c3-47f9-b1b5-4f6c46ae2266 timed out after 20 seconds' is not None\n\n======================================================================\nFAIL: test_flow_confidence_with_configuration (apps_server.test_confidence.FlowWithoutConfidenceConfiguration)\n----------------------------------------------------------------------\nTraceback (most recent call last):\n  File \"/Users/shaunak/instabase-repo/instabase/webserver/apps-server/build/test/py/instabase_regression_tests/apps_server/test_confidence.py\", line 382, in test_flow_confidence_with_configuration\n    setup_and_run_test(self, test)\n  File \"instabase_test/webserver/server_test_util.py\", line 126, in setup_and_run_test\n    return test_with_mocks()\n  File \"instabase_test/webserver/server_test_util.py\", line 121, in test_with_mocks\n    ret = f()\n  File \"/Users/shaunak/instabase-repo/instabase/webserver/apps-server/build/test/py/instabase_regression_tests/apps_server/test_confidence.py\", line 372, in test\n    self.assertIsNone(err)\nAssertionError: u'job b4f22b35-7d2f-4996-936e-9d4c2f53fb3f timed out after 20 seconds' is not None\n```",
      "time": "15:31",
      "timestamp": "1555367501.100800",
      "is_reply": true
    },
    {
      "sender": "shaunak",
      "user_id": "UCY6SA014",
      "message": "```\n======================================================================\nERROR: test_populate_with_scripts (apps_server.test_refiner.TrainRefinerTest)\n----------------------------------------------------------------------\nTraceback (most recent call last):\n  File \"/Users/shaunak/instabase-repo/instabase/webserver/apps-server/build/test/py/instabase_regression_tests/apps_server/test_refiner.py\", line 143, in test_populate_with_scripts\n    setup_and_run_test(self, test)\n  File \"instabase_test/webserver/server_test_util.py\", line 126, in setup_and_run_test\n    return test_with_mocks()\n  File \"instabase_test/webserver/server_test_util.py\", line 121, in test_with_mocks\n    ret = f()\n  File \"/Users/shaunak/instabase-repo/instabase/webserver/apps-server/build/test/py/instabase_regression_tests/apps_server/test_refiner.py\", line 128, in test\n    result, err = _populate_refiner(self, test_populate_dict)\n  File \"/Users/shaunak/instabase-repo/instabase/webserver/apps-server/build/test/py/instabase_regression_tests/apps_server/test_refiner.py\", line 69, in _populate_refiner\n    return results[0], err\nTypeError: 'NoneType' object has no attribute '__getitem__'\n\n======================================================================\nERROR: test_populate_with_scripts_using_aclv2 (apps_server.test_refiner.TrainRefinerTest)\n----------------------------------------------------------------------\nTraceback (most recent call last):\n  File \"/Users/shaunak/instabase-repo/instabase/webserver/apps-server/build/test/py/instabase_regression_tests/apps_server/test_refiner.py\", line 197, in test_populate_with_scripts_using_aclv2\n    setup_and_run_test(self, test)\n  File \"instabase_test/webserver/server_test_util.py\", line 126, in setup_and_run_test\n    return test_with_mocks()\n  File \"instabase_test/webserver/server_test_util.py\", line 121, in test_with_mocks\n    ret = f()\n  File \"/Users/shaunak/instabase-repo/instabase/webserver/apps-server/build/test/py/instabase_regression_tests/apps_server/test_refiner.py\", line 163, in test\n    result, err = _populate_refiner(self, test_populate_dict)\n  File \"/Users/shaunak/instabase-repo/instabase/webserver/apps-server/build/test/py/instabase_regression_tests/apps_server/test_refiner.py\", line 69, in _populate_refiner\n    return results[0], err\nTypeError: 'NoneType' object has no attribute '__getitem__'\n```",
      "time": "15:32",
      "timestamp": "1555367523.101000",
      "is_reply": true
    },
    {
      "sender": "Aaron Vontell",
      "user_id": "UCWNLU6CB",
      "message": "Looks like one of your services hasnt started, I would scroll up through the logs before the test to make sure no errors were thrown",
      "time": "15:32",
      "timestamp": "1555367552.101200",
      "is_reply": true
    },
    {
      "sender": "Aaron Vontell",
      "user_id": "UCWNLU6CB",
      "message": "If a service doesnt start the tests run anyway and then throw tons of errors",
      "time": "15:32",
      "timestamp": "1555367579.101400",
      "is_reply": true
    },
    {
      "sender": "shaunak",
      "user_id": "UCY6SA014",
      "message": "hmm ..",
      "time": "15:33",
      "timestamp": "1555367613.101600",
      "is_reply": true
    },
    {
      "sender": "shaunak",
      "user_id": "UCY6SA014",
      "message": "ok",
      "time": "15:33",
      "timestamp": "1555367614.101800",
      "is_reply": true
    },
    {
      "sender": "shaunak",
      "user_id": "UCY6SA014",
      "message": "yes, that is quite possible :slightly_smiling_face: i mixed up opencv which caused a few problems",
      "time": "15:34",
      "timestamp": "1555367677.102000",
      "is_reply": true
    },
    {
      "sender": "shaunak",
      "user_id": "UCY6SA014",
      "message": "but if it is passing on your computer, iâ€™ll just mark it as fixed :joy:",
      "time": "15:35",
      "timestamp": "1555367700.102200",
      "is_reply": true
    },
    {
      "sender": "Aaron Vontell",
      "user_id": "UCWNLU6CB",
      "message": ":+1: but api-apps-server is not!!",
      "time": "15:35",
      "timestamp": "1555367720.102400",
      "is_reply": true
    },
    {
      "sender": "shaunak",
      "user_id": "UCY6SA014",
      "message": "yes, @Heymian is looking into it",
      "time": "15:35",
      "timestamp": "1555367735.102600",
      "is_reply": true
    },
    {
      "sender": "Aaron Vontell",
      "user_id": "UCWNLU6CB",
      "message": "Someone added some db-models module or something and adding the dep to the makefile should fix it",
      "time": "15:35",
      "timestamp": "1555367747.102800",
      "is_reply": true
    },
    {
      "sender": "Aaron Vontell",
      "user_id": "UCWNLU6CB",
      "message": "ok awesome, thanks!",
      "time": "15:35",
      "timestamp": "1555367752.103000",
      "is_reply": true
    }
  ],
  "metadata": {
    "channel_id": "C06FA6A23",
    "channel_name": "discuss-engineering",
    "date_file": "2019-04-15.json",
    "message_count": 17,
    "start_time": "1555366584.099500",
    "end_time": "1555367752.103000",
    "is_thread": true
  }
}