{
  "id": "ch_C06FA6A23_2022-06-22_1655905107.171939_thread",
  "type": "channel",
  "channel_name": "discuss-engineering",
  "conversation_type": "thread",
  "participants": [
    "Xindi Xu",
    "Jessica"
  ],
  "messages": [
    {
      "sender": "Xindi Xu",
      "user_id": "U03FT35MAHF",
      "message": "Hi team! I’m trying to run Python unit test for the first time and I’m seeing `mypy` errors:\nI’m running `make build mypy` in api-server service according to this doc (https://docs.google.com/document/d/13oZcTClAgwbsCfjnMMNTHdBr_Kfzl0YCjVTx5ulvigU/edit#). Anyone has idea on how to fix it? :woman-bowing:\n```ERROR MESSAGE: b'Traceback (most recent call last):\\n  File \"/Users/xindixu/.pyenv/versions/3.7.13/bin/mypy\", line 5, in <module>\\n    from mypy.__main__ import console_entry\\n  File \"/Users/xindixu/.pyenv/versions/3.7.13/lib/python3.7/site-packages/mypy/__main__.py\", line 3, in <module>\\n    from mypy.main import main\\n  File \"/Users/xindixu/.pyenv/versions/3.7.13/lib/python3.7/site-packages/mypy/main.py\", line 14, in <module>\\n    from mypy import build\\n  File \"mypy/build.py\", line 35, in <module>\\n  File \"mypy/nodes.py\", line 9, in <module>\\nAttributeError: module \\'mypy_extensions\\' has no attribute \\'trait\\'\\n'\nSTDOUT:\nmake: *** [mypy] Error 1```",
      "time": "06:38",
      "timestamp": "1655905107.171939",
      "is_reply": false
    },
    {
      "sender": "Jessica",
      "user_id": "UDEF3M2NP",
      "message": "I feel like I see this once a year and forget how to fix it each time... try running `python -m pip install -U mypy==0.701`",
      "time": "07:28",
      "timestamp": "1655908114.927539",
      "is_reply": true
    }
  ],
  "metadata": {
    "channel_id": "C06FA6A23",
    "channel_name": "discuss-engineering",
    "date_file": "2022-06-22.json",
    "message_count": 2,
    "start_time": "1655905107.171939",
    "end_time": "1655908114.927539",
    "is_thread": true
  }
}