{
  "id": "ch_C06FA6A23_2022-08-01_1659382207.403239_thread",
  "type": "channel",
  "channel_name": "discuss-engineering",
  "conversation_type": "thread",
  "participants": [
    "Victor Zeng",
    "Xi Cheng"
  ],
  "messages": [
    {
      "sender": "Victor Zeng",
      "user_id": "U03JT46AUPP",
      "message": "Is anyone getting this error message when running `make build`\n\n```python /Users/victorzeng/instabase/shared-utils/py-utils/system-tests/../../..//shared-utils/build-utils/shared/src/py/copy_py_deps.py \\\n                --file /Users/victorzeng/instabase/shared-utils/py-utils/system-tests/build/pydeps.txt \\\n                --thrift_file /Users/victorzeng/instabase/shared-utils/py-utils/system-tests/build/pythriftdeps.txt \\\n                --proto_deps_file /Users/victorzeng/instabase/shared-utils/py-utils/system-tests/build/protodeps.txt \\\n                --build_path /Users/victorzeng/instabase/shared-utils/py-utils/system-tests/build/py/ \\\n                --project_dir /Users/victorzeng/instabase/shared-utils/py-utils/system-tests/../../../ \\\n                --skip_pygen=false\nTraceback (most recent call last):\n  File \"/Users/victorzeng/instabase/shared-utils/py-utils/system-tests/../../..//shared-utils/build-utils/shared/src/py/copy_py_deps.py\", line 160, in <module>\n    main()\n  File \"/Users/victorzeng/instabase/shared-utils/py-utils/system-tests/../../..//shared-utils/build-utils/shared/src/py/copy_py_deps.py\", line 155, in main\n    helper.build_thrift(thrift_deps_file, skip_pygen)\n  File \"/Users/victorzeng/instabase/shared-utils/py-utils/system-tests/../../..//shared-utils/build-utils/shared/src/py/copy_py_deps.py\", line 84, in build_thrift\n    stdout=subprocess.PIPE)\n  File \"/Users/victorzeng/.pyenv/versions/3.7.13/lib/python3.7/subprocess.py\", line 800, in __init__\n    restore_signals, start_new_session)\n  File \"/Users/victorzeng/.pyenv/versions/3.7.13/lib/python3.7/subprocess.py\", line 1551, in _execute_child\n    raise child_exception_type(errno_num, err_msg, err_filename)\nFileNotFoundError: [Errno 2] No such file or directory: 'thrift': 'thrift'\nmake: *** [copy-py-deps] Error 1```",
      "time": "12:30",
      "timestamp": "1659382207.403239",
      "is_reply": false
    },
    {
      "sender": "Xi Cheng",
      "user_id": "U01F946DGEP",
      "message": "hmm, not sure, it looks to run fine on my side:\n```xicheng@xis-macbook-pro system-tests % make build\nmkdir -p /Users/xicheng/Dev/instabase/shared-utils/py-utils/system-tests/build/py\nrm -f /Users/xicheng/Dev/instabase/shared-utils/py-utils/system-tests/build/pydeps.txt\nrm -f /Users/xicheng/Dev/instabase/shared-utils/py-utils/system-tests/build/pythriftdeps.txt\nrm -f /Users/xicheng/Dev/instabase/shared-utils/py-utils/system-tests/build/protodeps.txt\n/Library/Developer/CommandLineTools/usr/bin/make -s list-deps >> /Users/xicheng/Dev/instabase/shared-utils/py-utils/system-tests/build/pydeps.txt\n/Library/Developer/CommandLineTools/usr/bin/make -s list-thrift-deps >> /Users/xicheng/Dev/instabase/shared-utils/py-utils/system-tests/build/pythriftdeps.txt\n/Library/Developer/CommandLineTools/usr/bin/make -s list-proto-deps >> /Users/xicheng/Dev/instabase/shared-utils/py-utils/system-tests/build/protodeps.txt\ncp -r /Users/xicheng/Dev/instabase/shared-utils/py-utils/system-tests/../../..//shared-utils/py-utils/thrift-utils/types/src/py/* \\\n\t    /Users/xicheng/Dev/instabase/shared-utils/py-utils/system-tests/build/py\npython /Users/xicheng/Dev/instabase/shared-utils/py-utils/system-tests/../../..//shared-utils/build-utils/shared/src/py/copy_py_deps.py \\\n\t\t--file /Users/xicheng/Dev/instabase/shared-utils/py-utils/system-tests/build/pydeps.txt \\\n\t\t--thrift_file /Users/xicheng/Dev/instabase/shared-utils/py-utils/system-tests/build/pythriftdeps.txt \\\n\t\t--proto_deps_file /Users/xicheng/Dev/instabase/shared-utils/py-utils/system-tests/build/protodeps.txt \\\n\t\t--build_path /Users/xicheng/Dev/instabase/shared-utils/py-utils/system-tests/build/py/ \\\n\t\t--project_dir /Users/xicheng/Dev/instabase/shared-utils/py-utils/system-tests/../../../ \\\n\t\t--skip_pygen=false\nrsync -auh /Users/xicheng/Dev/instabase/shared-utils/py-utils/system-tests/src/py/* /Users/xicheng/Dev/instabase/shared-utils/py-utils/system-tests/build/py\ncp -r /Users/xicheng/Dev/instabase/shared-utils/py-utils/system-tests/src/py/instabase_test/data /Users/xicheng/Dev/instabase/shared-utils/py-utils/system-tests/build/py/instabase_test/```",
      "time": "13:28",
      "timestamp": "1659385732.584879",
      "is_reply": true
    },
    {
      "sender": "Victor Zeng",
      "user_id": "U03JT46AUPP",
      "message": "A reboot fixed it. Iâ€™m guessing that the MacOS update pushed over the weekend messed up my system somehow.",
      "time": "14:07",
      "timestamp": "1659388037.407529",
      "is_reply": true
    }
  ],
  "metadata": {
    "channel_id": "C06FA6A23",
    "channel_name": "discuss-engineering",
    "date_file": "2022-08-01.json",
    "message_count": 3,
    "start_time": "1659382207.403239",
    "end_time": "1659388037.407529",
    "is_thread": true
  }
}