{
  "id": "ch_CSY11CK7T_2024-04-02_1712065846.867759_thread",
  "type": "channel",
  "channel_name": "discuss-frontend",
  "conversation_type": "thread",
  "participants": [
    "vp",
    "Serena",
    "Xindi Xu"
  ],
  "messages": [
    {
      "sender": "vp",
      "user_id": "U02ENFDJHC0",
      "message": "Hello Team, Could someone please look at the admin diagnostic app? I was trying this on a 23.10 sbx and it is failing with same problem as customer's. Looks like the test_root_path value that we allow the user to pick from the picker_utils does not pass that off to the init class to begin with and it fails. After I skimmed through the code path, it looked good to me, so I ran the POST /system-test API directly via postman with proper input and I got all success. Details and evidences in the thread.",
      "time": "06:50",
      "timestamp": "1712065846.867759",
      "is_reply": false
    },
    {
      "sender": "vp",
      "user_id": "U02ENFDJHC0",
      "message": "Because of this missing root_test_folder_path, it fails with this error right in few seconds:\n```Traceback (most recent call last):\n  File \"/instabase/workers/celery-app-tasks/py/instabase_test/test_model_operations.py\", line 77, in setUpClass\n    cls.user.copy_local_dir(f'{cls.local_input_path}/input',\n  File \"/instabase/workers/celery-app-tasks/py/instabase_test/system_utils/system_test_user.py\", line 833, in copy_local_dir\n    self.mkdir(ib_dirpath, use_cookies=use_cookies)\n  File \"/instabase/workers/celery-app-tasks/py/instabase_test/system_utils/system_test_user.py\", line 2528, in mkdir\n    return super().mkdir(dir_path, exp_ok, use_cookies)\n  File \"/instabase/workers/celery-app-tasks/py/instabase_test/system_utils/system_test_user.py\", line 242, in mkdir\n    self.assertIsNone(err)\n  File \"/pyenv/versions/3.9.17/lib/python3.9/unittest/case.py\", line 1247, in assertIsNone\n    self.fail(self._formatMessage(msg, standardMsg))\n  File \"/pyenv/versions/3.9.17/lib/python3.9/unittest/case.py\", line 676, in fail\n    raise self.failureException(msg)\nAssertionError: '404 Not Found: The requested URL was not found on the server. If you entered the URL manually please check your spelling and try again.' is not None```",
      "time": "06:51",
      "timestamp": "1712065860.899769",
      "is_reply": true
    },
    {
      "sender": "vp",
      "user_id": "U02ENFDJHC0",
      "message": "",
      "time": "06:51",
      "timestamp": "1712065879.854119",
      "is_reply": true
    },
    {
      "sender": "Serena",
      "user_id": "U01CZ3LBFU4",
      "message": "cc @Xindi Xu",
      "time": "09:42",
      "timestamp": "1712076131.879969",
      "is_reply": true
    },
    {
      "sender": "Xindi Xu",
      "user_id": "U03FT35MAHF",
      "message": "Thanks for reporting. Taking a look soon",
      "time": "09:59",
      "timestamp": "1712077164.681959",
      "is_reply": true
    }
  ],
  "metadata": {
    "channel_id": "CSY11CK7T",
    "channel_name": "discuss-frontend",
    "date_file": "2024-04-02.json",
    "message_count": 5,
    "start_time": "1712065846.867759",
    "end_time": "1712077164.681959",
    "is_thread": true
  }
}