{
  "id": "ch_C06FA6A23_2022-09-08_1662664308.644559_thread",
  "type": "channel",
  "channel_name": "discuss-engineering",
  "conversation_type": "thread",
  "participants": [
    "Adam",
    "Heymian"
  ],
  "messages": [
    {
      "sender": "Adam",
      "user_id": "U028KUTFHBR",
      "message": "Hi team, when I try to add a python dependency with `make update requirements`, I get the following error\n```Makefile:39: warning: overriding commands for target `update-requirements'\n/Users/adamlipson/Documents/codebase/instabase/tools/devtools/code-dependencies/../../../shared-utils/build-utils/shared/build-python.mk:370: warning: ignoring old commands for target `update-requirements'\ncd /Users/adamlipson/Documents/codebase/instabase/tools/devtools/code-dependencies/python && pip-compile requirements.base.in (http://requirements.base.in) requirements.python37.in (http://requirements.python37.in) --output-file=requirements_py37.txt\nTraceback (most recent call last):\n  File \"/Users/adamlipson/Documents/codebase/instabase/venv3/bin/pip-compile\", line 8, in <module>\n    sys.exit(cli())\n  File \"/Users/adamlipson/Documents/codebase/instabase/venv3/lib/python3.7/site-packages/click/core.py\", line 1128, in __call__\n    return self.main(*args, **kwargs)\n  File \"/Users/adamlipson/Documents/codebase/instabase/venv3/lib/python3.7/site-packages/click/core.py\", line 1053, in main\n    rv = self.invoke(ctx)\n  File \"/Users/adamlipson/Documents/codebase/instabase/venv3/lib/python3.7/site-packages/click/core.py\", line 1395, in invoke\n    return ctx.invoke(self.callback, **ctx.params)\n  File \"/Users/adamlipson/Documents/codebase/instabase/venv3/lib/python3.7/site-packages/click/core.py\", line 754, in invoke\n    return __callback(*args, **kwargs)\n  File \"/Users/adamlipson/Documents/codebase/instabase/venv3/lib/python3.7/site-packages/click/decorators.py\", line 26, in new_func\n    return f(get_current_context(), *args, **kwargs)\n  File \"/Users/adamlipson/Documents/codebase/instabase/venv3/lib/python3.7/site-packages/piptools/scripts/compile.py\", line 332, in cli\n    repository = PyPIRepository(pip_args, cache_dir=cache_dir)\n  File \"/Users/adamlipson/Documents/codebase/instabase/venv3/lib/python3.7/site-packages/piptools/repositories/pypi.py\", line 106, in __init__\n    self._setup_logging()\n  File \"/Users/adamlipson/Documents/codebase/instabase/venv3/lib/python3.7/site-packages/piptools/repositories/pypi.py\", line 464, in _setup_logging\n    assert isinstance(handler, logging.StreamHandler)\nAssertionError\nmake: *** [update-requirements] Error 1```\nThis is resolved when I upgrade my pip-tools from 6.2.0 to 6.8.0, but that results in some format diffs for existing dependencies in the resulting `requirements.txt` file (replacing `_` with `-` and reformatting github links). Should pip-tools 6.2.0 be able to compile requirements.in (http://requirements.in)?",
      "time": "12:11",
      "timestamp": "1662664308.644559",
      "is_reply": false
    },
    {
      "sender": "Heymian",
      "user_id": "UADQ9V8PK",
      "message": "yeah, i think only 6.2.0 gives you the existing format, can you try to downgrade back to that?",
      "time": "12:28",
      "timestamp": "1662665332.177879",
      "is_reply": true
    },
    {
      "sender": "Adam",
      "user_id": "U028KUTFHBR",
      "message": "I've tried that but I can't build without errors on 6.2.0. Is that an issue we've seen before?",
      "time": "12:29",
      "timestamp": "1662665358.567629",
      "is_reply": true
    },
    {
      "sender": "Heymian",
      "user_id": "UADQ9V8PK",
      "message": "sry nope, not familiar with the error offhand",
      "time": "13:00",
      "timestamp": "1662667230.234229",
      "is_reply": true
    }
  ],
  "metadata": {
    "channel_id": "C06FA6A23",
    "channel_name": "discuss-engineering",
    "date_file": "2022-09-08.json",
    "message_count": 4,
    "start_time": "1662664308.644559",
    "end_time": "1662667230.234229",
    "is_thread": true
  }
}