{
  "id": "dm_D03LK3XUJUA_2024-11-18_1731953756.285429",
  "type": "dm",
  "participants": [
    "Anil"
  ],
  "messages": [
    {
      "sender": "Anil",
      "user_id": "U01BH8XBR55",
      "message": "The test_run_list system test is failing",
      "time": "10:15",
      "timestamp": "1731953756.285429",
      "is_reply": false
    },
    {
      "sender": "Anil",
      "user_id": "U01BH8XBR55",
      "message": "```--------------------------------------------------------- Captured log call ---------------------------------------------------------\nDEBUG    urllib3.connectionpool:connectionpool.py:1019 Starting new HTTPS connection (1): aihub-uat.internal.instabase.com:443 (http://aihub-uat.internal.instabase.com:443)\nDEBUG    urllib3.connectionpool:connectionpool.py:474 https://aihub-uat.internal.instabase.com:443 \"POST /api/v2/batches HTTP/1.1\" 200 12\nDEBUG    urllib3.connectionpool:connectionpool.py:474 https://aihub-uat.internal.instabase.com:443 \"PUT /api/v2/batches/8416/files/test.pdf HTTP/1.1\" 204 0\nDEBUG    urllib3.connectionpool:connectionpool.py:474 https://aihub-uat.internal.instabase.com:443 \"POST /api/v2/apps/runs HTTP/1.1\" 200 144\nDEBUG    urllib3.connectionpool:connectionpool.py:474 https://aihub-uat.internal.instabase.com:443 \"GET /api/v2/apps/runs HTTP/1.1\" 200 925\n====================================================== short test summary info ======================================================\nFAILED system-tests/test_runs.py::TestRuns::test_run_list - AssertionError: False is not true\n============================================= 1 failed, 71 passed in 185.40s (0:03:05) ==============================================```",
      "time": "10:15",
      "timestamp": "1731953757.697649",
      "is_reply": false
    }
  ],
  "metadata": {
    "dm_id": "D03LK3XUJUA",
    "date_file": "2024-11-18.json",
    "message_count": 2,
    "start_time": "1731953756.285429",
    "end_time": "1731953757.697649"
  }
}